Case #1: 3
Case #2: 1
Case #3: 1 2
Case #4: 2 7
Case #5: 2 170 338 506 674 842 1010 1178 1346 1514 1682 1850 2018 2186 2354 2522 2690 2858 3026 3194 3362 3530 3698 3866 4034 4202 4370 4538 4706 4874 5042 5210 5378 5546 5714 5882 6050 6218 6386 6554 6722 6807
Case #6: 102030405060709 91011121314151618 181920212223242527 272829303132333436 363738394041424345 454647484950515254 545556575859606163 636465666768697072 727374757677787981 818283848586878890 909192939495969799 990000000000000001
Case #7: 435754 37039042
Case #8: 1
Case #9: 522080641
Case #10: 4502722 634883711 1265264700
Case #11: 55754814295 16614934659694 33174114505093 49733294349301
Case #12: 1 2 3 4
Case #13: 2
Case #14: 6403 2003843 4001283 5998723 7996163 9993603 11991043 13988483 15985923 17983363 19980803 21978243 23975683 25973123 27970563 29968003 31965443 33962883 35960323 37957684
Case #15: 10936368 3685555716 7360175064 11034794412 14709413760 18384033108 22058652456 25733271804 29407891152 33082321942
Case #16: 1 2 3 4 5 6 7 8 9 10 11 12 13 14 15 16 17 18 19 20 21 22 23 24
Case #17: 1 2 3 4 5 6 7 8 9 10 11 12 13 14 15 16 17 18 19 20 21 22 23 24 25
Case #18: 84 2424
Case #19: 260580914957125
Case #20: 661971111687 111831732421876
Case #21: 5656141 837108770 1668561399 2380977985
Case #22: 1 2 3 4 5 6 7 8 9 10 11 12
Case #23: 144115188075855873
Case #24: 305860 40679284 81052708 121426109
Case #25: 11717050 4018947844 8026178638 12033409432 16040640226 20047871020 24055101814 28062332608 32069563402 36076790773
Case #26: 2 174 346 518 690 862 1034 1206 1378 1550 1722 1894 2066 2238 2410 2582 2754 2926 3098 3270 3442 3614 3786 3958 4130 4302 4474 4646 4818 4990 5162 5334 5506 5678 5850 6022 6194 6366 6538 6710 6882 7054 7141
Case #27: 4538775134665 2578024276489234 5151509777843803 7724995279198372 10298480780552941 12871966281907510 15445451783262079 17732923532771329
Case #28: 359537836106 71548029377757
Case #29: 2579 157284 311806
Case #30: 10204 4050608 8091012 12131416 16171820 20212224 24252628 28293032 32333436 36373840 40414244 44454648 48495052 52535456 56575860 60616264 64656668 68697072 72737476 76777880 80818284 84858688 88899092 92939496 96979900
Case #31: 246207 75339062 150431917 225524772 300617627 375710482 450803337 525896192 600989047 676081902 751174757 826267612 901118169
Case #32: 16
Case #33: 6
Case #34: 1068783500053 491640410024002 982212036547951 1472783663071900 1963355289595849 2453926916117041
Case #35: 33
Case #36: 45435 7769240 15493045 23216850 30940655 38664460 46388265
Case #37: 28
Case #38: 28991029249
Case #39: 103 30406 60709 91012 121315 151618 181921 212224 242527 272830 303133 333436 363739 394042 424345 454648 484951 515254 545557 575860 606163 636466 666769 697072 727375 757678 787981 818284 848587 878890 909193 939496 969799 990001
Case #40: 612315735897 259621872019986 518631428304075 777640984588164 1036650540872253 1295647600803841
Case #41: 1527969081754369
Case #42: 7666974012885 4699855069897974 9392043165783063 14084231261668152 18776419357553241 23468607453438330 28160795549323419 32852983644875098
Case #43: 2 12
Case #44: 1
Case #45: 628 58328 116028 173728 231428 289128
Case #46: 83385908498332846
Case #47: 1 2 3 4 5 6 7 8 9 10 11 12 13 14 15 16 17 18 19 20 21 22 23 24 25 26 27 28 29 30 31 32 33 34 35 36 37 38 39 40 41 42 43 44 45 46 47 48 49 50 51 52 53 54 55 56 57 58 59 60 61 62 63 64 65 66 67 68 69 70 71 72 73 74 75 76 77 78 79 80 81 82 83 84 85 86 87 88 89 90 91 92 93 94 95 96 97 98 99 100
Case #48: 2 24 46 68 90
Case #49: 1 2 3
Case #50: 623749 57384866
Case #51: 103480286068387 29905802673763699 57220458984375001
Case #52: 281474976710657
Case #53: 606251
Case #54: 283275 90930980 181578685 272226390 362874095 453521800 544169505 634817210 725464915 816112620 906760325 997408030 1088055735
Case #55: 91 23590 47089 70588 94087 117586 141085 164584 188083 211582 235081 258580 282079 305578 329077 352576 376075 399574 423073 446572 470071 493570 517069 540568 564067 587566 611065 634564 658063 673729
Case #56: 127330756812865
Case #57: 44129616 21226344852 42408560088 63590775324 84772990560 105955205796 127137421032 148319636268 169501851504 190684066740 211866281976 233048497212 254230712448 275412389518
Case #58: 5
Case #59: 573108 89977836 179382564 268787292 358171552
Case #60: 44554 3519724 6953297
Case #61: 30399297484750849
Case #62: 1092 136392 271692 406992 542292 677592 812892 948192
Case #63: 161799557 28638521477 57115243374
Case #64: 98 27461 54824 82187 109550 136913 164276 191639 219002 246365 273728 301091 328454 355817 383180 410543 437906 465269 492632 519995 547358 574721 602084 629447 656810 684173 711536 738899 766262 793625 820988 848256
Case #65: 1
Case #66: 4764 1281264 2557764 3834264 5110764 6387264 7663764 8940264 10216764 11493264 12769764 14046264 15322764 16599264 17875764 19152264 20428764
Case #67: 1025
Case #68: 1
Case #69: 5332 1519352 3033372 4547392 6061412 7575432 9089452 10603472 12117492 13631512 15145532 16659552 18173572 19687592 21201612 22715632 24229652 25743672
Case #70: 1
Case #71: 770411 347454936 694139461 1040823986 1387508511 1734193036 2080877561 2427562086 2774246611 3120931136 3467615661 3814300186 4160984711 4507669236 4854353761 5201038286 5547722811 5894407336 6171746491
Case #72: 7 49
Case #73: 2 194 386 578 770 962 1154 1346 1538 1730 1922 2114 2306 2498 2690 2882 3074 3266 3458 3650 3842 4034 4226 4418 4610 4802 4994 5186 5378 5570 5762 5954 6146 6338 6530 6722 6914 7106 7298 7490 7682 7874 8066 8258 8450 8642 8834 8931
Case #74: 4099 1020419 2036739 3053059 4069379 5085699 6102019 7118339 8134659 9150979 10167299 11183619 12199939 13216259 14232579 15248836
Case #75: 12251407207078 5157842434179518 10303433461151958 15449024488124398 20594337070521856
Case #76: 821939 378913444 757004949 1135096454 1513187959 1891279464 2269370969 2647462474 3025553979 3403645484 3781736989 4159828494 4537919999 4916011504 5294103009 5672194514 6050286019 6428377524 6806460286
Case #77: 1
Case #78: 1
Case #79: 1
Case #80: 2 54 106 158 210 262 314 366 418 470 522 574 601
Case #81: 6925172710277 4182804317006786 8358683461303295 12534562605599804 16710441749896313 20886320894192822 25062200038489331 29238079161080577
Case #82: 1372 193328 385284 577240 769196 961152 1153108 1345064 1537020
Case #83: 1 2 3 4 5 6 7 8 9 10 11 12 13 14 15 16 17 18 19 20 21 22 23 24 25 26 27 28 29 30 31 32 33 34 35 36 37 38 39 40 41 42 43 44 45 46 47 48 49 50 51 52 53 54 55 56 57 58 59 60 61 62 63 64 65 66 67 68 69
Case #84: 196139589 24909724126
Case #85: 12345678900000001
Case #86: 41723 6925878 13810033 20694188 27578343 34462498 41346619
Case #87: 2 196 390 584 778 972 1166 1360 1554 1748 1942 2136 2330 2524 2718 2912 3106 3300 3494 3688 3882 4076 4270 4464 4658 4852 5046 5240 5434 5628 5822 6016 6210 6404 6598 6792 6986 7180 7374 7568 7762 7956 8150 8344 8538 8732 8926 9120
Case #88: 732 73848 146964 220080 293196 366312 438725
Case #89: 2436804 558027924 1113619044 1669210164 2224801284 2780392404 3335922604
Case #90: 268822560488 170164680788336 340060539016184 509956397244032 679852255471880 849748113699728 1019643971927576 1189539830155424 1359435688383272 1529331546611120
Case #91: 1 2 3 4 5 6 7 8 9 10 11 12 13 14 15 16 17 18 19 20
Case #92: 2119 374903 747687 1120471 1493255 1866039 2238823 2611607 2984391 3357175 3729959 4009501
Case #93: 53507 9684612 19315717 28946822 38577927 48209032 57840137 67419144
Case #94: 2097153
Case #95: 2 26 50 74 98 111
Case #96: 1235 56790
Case #97: 137438953473
Case #98: 2 204 406 608 810 1012 1214 1416 1618 1820 2022 2224 2426 2628 2830 3032 3234 3436 3638 3840 4042 4244 4446 4648 4850 5052 5254 5456 5658 5860 6062 6264 6466 6668 6870 7072 7274 7476 7678 7880 8082 8284 8486 8688 8890 9092 9294 9496 9698 9900
Case #99: 68 12941 25814 38687 51560 64433 77306 90179 103052 115925 128798 141671 154544 167417 180290 193163 206036 218909 231782 244655 257528 270336
Case #100: 679 65783 130887 195991 261095 326199 375001
