Case #1: CAB
Case #2: MJA
Case #3: OCDE
Case #4: BBAAA
Case #5: CCCABBBAB
Case #6: CCCBAABAB
Case #7: ZXCASDQWE
Case #8: BB
Case #9: CCCCCBBBBBAAAAA
Case #10: CCCCBBBBBBAAAAB
Case #11: CCCCCCCCCBABABA
Case #12: OMNLHJIKFCBDGEA
Case #13: ZXTQMKJHFFMNVLV
Case #14: MMLKJIFEDAAHGCB
Case #15: CCCCCCCBABABBAB
Case #16: CCCCBBABABABBBA
Case #17: CCCCCBBBBABAAAA
Case #18: MMLKIHFEDBAJGCA
Case #19: BAAA
Case #20: BAAA
Case #21: CCCCCBBBBBAAAAA
Case #22: BA
Case #23: ZAYBXCWDUE
Case #24: ZEDCBAYXWU
Case #25: CCCCBBBAAAAABAA
Case #26: CBA
Case #27: ZZZMNTPLFTMFLTF
Case #28: CCCCBAAAAAABBBB
Case #29: MMLKIGFCABDEHJA
Case #30: CCCCCBBAABAAABB
Case #31: CCBBBBABBABBBBB
Case #32: CCCCCBBBBBAAAAA
Case #33: BBA
Case #34: ZYQLVYRXHGMJPRQ
Case #35: BA
Case #36: ZAAAA
Case #37: RRBAACADABA
Case #38: CCCCCBBBBABAAAA
Case #39: CCBBBAAAAAAAB
Case #40: ONMLAKDHIJEFCGB
Case #41: OMIFGKDHLBNEJCA
Case #42: CBBBBAAAAABAA
Case #43: ZDABC
Case #44: DCCCBAAAAAABAB
Case #45: CBAAAAAAAAAAB
Case #46: CCCCCBBBABBAAAB
Case #47: ZABCD
Case #48: MMDFGILAKJHECBA
Case #49: CCCCCCCABAABABB
Case #50: AA
Case #51: BAA
Case #52: CCBBBBAAAAAAAAB
Case #53: CBA
Case #54: DCBBAAAAAAAAAA
Case #55: ZDCBA
Case #56: CCCCCABABBAABBA
Case #57: BBB
Case #58: ZABYCXDWEU
Case #59: ZACBA
Case #60: CCCCCAAAAABBBAB
Case #61: DCBBBBAAAAAAB
Case #62: YTTKKJGFSNNLVNM
Case #63: BAAA
Case #64: CCCCCBBBBBAAAAA
Case #65: CCCCCBBBBBAAAAA
Case #66: CBA
Case #67: CCCCCBAABABBBAB
Case #68: BBA
Case #69: A
Case #70: WWPLHDHKGDBPKQN
Case #71: AAA
Case #72: CCBBBAAAAAABA
Case #73: OMFADBKJHLGICNE
Case #74: CCCCCBBBBBAAAAA
Case #75: ONMGFEBADCIJKLH
Case #76: ONDCKJLHEFAIMBG
Case #77: ONMLIHGBAEFCJKD
Case #78: BAAA
Case #79: BAA
Case #80: Z
Case #81: CCCCCBBBBBAAAAA
Case #82: CCBBBAAAAAAAA
Case #83: DCBAAAAAAACAB
Case #84: BBA
Case #85: CCCCAAABAABABBB
Case #86: CAB
Case #87: OMNLAJIHGFEBCDK
Case #88: BBBBBAAAAAAAA
Case #89: CCCBAAAABBAAABA
Case #90: ZADBC
Case #91: CBA
Case #92: ONIBCDEGHJAKLMF
Case #93: CCCCCCBBAAAABAA
Case #94: CCCCCBBBBBAAAAA
Case #95: CCCCCCBBBBBBAAA
Case #96: MMAIHFDCBAEGJKL
Case #97: OMJHBFEDICLKNAG
Case #98: MMLAKJIHGEDBACF
Case #99: BAA
Case #100: DCCBBAAAAABAB
