Case #1: 3 4 6
Case #2: 3 4 5
Case #3: 2 12 22 32 42 52 62 72 82 92
Case #4: 1 2 3
Case #5: 2 22
Case #6: 16 20 23 24 27 33 35 36 40
Case #7: 2 5 10 14
Case #8: 5 9
Case #9: 3 5 6 12
Case #10: 7 8 15
Case #11: 4 6 7 9 10 12 14 16 17
Case #12: 61 84 100 120 126 135 156
Case #13: 1 3 4 5 7
Case #14: 40 54 55 96
Case #15: 3 5 6
Case #16: 2 6 12 17 19
Case #17: 9 10 11 12
Case #18: 30 54 69 80 102 104 121 127 138 139
Case #19: 22 27 31 32 36 40 44
Case #20: 4 5 7 8 11 13 14 17
Case #21: 16 24 25 29 33 37 40 42
Case #22: 22 222
Case #23: 18 21 25 27 28 31 33 36 38 39
Case #24: 7 14 17 19 21 22
Case #25: 9 19 21 27 31 32 39
Case #26: 4 5 6 7
Case #27: 2 3 4
Case #28: 6 7 8 9 10 11 12 13 14 15
Case #29: 5 8 9 11 14 17 21
Case #30: 11 13 14 21 25 26 30 33 35 36
Case #31: 6 9 11 13
Case #32: 2 6
Case #33: 4 5 6 8 10
Case #34: 13 18 21 22 27 31
Case #35: 5 6 9 12
Case #36: 3 4 6 10 13 17 20
Case #37: 5 10 14 17 19 20 30
Case #38: 46 48 51 52 55 56 58 61 63 64
Case #39: 11 13 16 18 20 21 23 26 27 28
Case #40: 9 10 13 14 16 18
Case #41: 5 12 19 26 33 40 47
Case #42: 3 7 12 14 18 20 25 28 31 35
Case #43: 5 7 9 10 12
Case #44: 1 2 3 5 7 9 11
Case #45: 6 8
Case #46: 2 4
Case #47: 1 4 7 9 10 12 15
Case #48: 4 8
Case #49: 4 5 6 7 8 9 10
Case #50: 1 2 3 6 8 12 16
