Case #1: 6 3
Case #2: 2 0
Case #3: 9 13
Case #4: 284 7526
Case #5: 166 2644
Case #6: 2 0
Case #7: 181 3097
Case #8: 153 2225
Case #9: 461 19737
Case #10: 37 141
Case #11: 461 19737
Case #12: 418 16324
Case #13: 459 19739
Case #14: 366 12592
Case #15: 461 19737
Case #16: 397 19802
Case #17: 461 19737
Case #18: 461 19737
Case #19: 396 19802
Case #20: 460 19738
Case #21: 461 19737
Case #22: 344 11054
Case #23: 461 19737
Case #24: 4 6
Case #25: 278 7284
Case #26: 461 19737
Case #27: 461 19737
Case #28: 367 12591
Case #29: 461 19737
Case #30: 462 19737
Case #31: 396 19802
Case #32: 321 9617
Case #33: 326 9897
Case #34: 38 141
Case #35: 348 11354
Case #36: 460 19738
Case #37: 307 8803
Case #38: 195 3587
Case #39: 331 10180
Case #40: 153 2225
Case #41: 461 19737
Case #42: 148 2095
Case #43: 460 19738
Case #44: 396 19802
Case #45: 274 7044
Case #46: 134 1724
Case #47: 297 8281
Case #48: 2 0
Case #49: 344 11054
Case #50: 396 19802
Case #51: 461 19737
Case #52: 396 19802
Case #53: 457 19341
Case #54: 385 13893
Case #55: 460 19738
Case #56: 461 19737
Case #57: 396 19802
Case #58: 195 3588
Case #59: 462 19737
Case #60: 439 17799
Case #61: 58 304
Case #62: 461 19737
Case #63: 172 2790
Case #64: 2 0
Case #65: 461 19737
Case #66: 246 5692
Case #67: 250 5908
Case #68: 396 19802
Case #69: 354 11656
Case #70: 138 1720
Case #71: 461 19737
Case #72: 363 12275
Case #73: 461 19737
Case #74: 349 11353
Case #75: 381 13229
Case #76: 461 19737
Case #77: 460 19738
Case #78: 162 2500
Case #79: 462 19737
Case #80: 270 6808
Case #81: 331 10180
Case #82: 60 358
Case #83: 460 19738
Case #84: 447 18564
Case #85: 309 8801
Case #86: 462 19737
Case #87: 124 1498
Case #88: 255 6127
Case #89: 462 19737
Case #90: 460 19738
Case #91: 228 4870
Case #92: 461 19737
Case #93: 408 15610
Case #94: 461 19737
Case #95: 462 19737
Case #96: 204 3934
Case #97: 461 19737
Case #98: 111 1187
Case #99: 163 2500
Case #100: 460 19738
