Case #1: 4 3
Case #2: 2 0
Case #3: 7 6
Case #4: 155 152
Case #5: 93 88
Case #6: 2 1
Case #7: 100 98
Case #8: 85 82
Case #9: 252 244
Case #10: 22 18
Case #11: 252 245
Case #12: 228 223
Case #13: 253 244
Case #14: 202 195
Case #15: 251 247
Case #16: 298 198
Case #17: 251 247
Case #18: 252 245
Case #19: 298 196
Case #20: 252 245
Case #21: 251 246
Case #22: 189 183
Case #23: 251 246
Case #24: 4 2
Case #25: 152 150
Case #26: 250 247
Case #27: 250 247
Case #28: 200 196
Case #29: 250 249
Case #30: 250 246
Case #31: 298 198
Case #32: 175 172
Case #33: 178 175
Case #34: 23 19
Case #35: 191 187
Case #36: 253 245
Case #37: 168 164
Case #38: 108 105
Case #39: 181 176
Case #40: 86 81
Case #41: 251 246
Case #42: 84 78
Case #43: 250 248
Case #44: 298 199
Case #45: 151 145
Case #46: 75 72
Case #47: 164 159
Case #48: 2 1
Case #49: 188 185
Case #50: 298 197
Case #51: 252 246
Case #52: 298 197
Case #53: 247 246
Case #54: 211 205
Case #55: 253 244
Case #56: 250 246
Case #57: 298 199
Case #58: 108 104
Case #59: 250 247
Case #60: 237 234
Case #61: 34 29
Case #62: 250 247
Case #63: 96 92
Case #64: 2 1
Case #65: 250 248
Case #66: 135 132
Case #67: 139 134
Case #68: 298 197
Case #69: 194 189
Case #70: 76 71
Case #71: 250 247
Case #72: 198 195
Case #73: 250 247
Case #74: 191 186
Case #75: 206 201
Case #76: 250 248
Case #77: 250 248
Case #78: 91 87
Case #79: 251 244
Case #80: 149 144
Case #81: 180 177
Case #82: 34 32
Case #83: 250 248
Case #84: 243 239
Case #85: 168 164
Case #86: 250 247
Case #87: 71 67
Case #88: 141 137
Case #89: 250 247
Case #90: 250 248
Case #91: 126 122
Case #92: 251 247
Case #93: 224 218
Case #94: 253 244
Case #95: 250 246
Case #96: 113 109
Case #97: 250 248
Case #98: 65 58
Case #99: 90 86
Case #100: 252 245
