Case #1: 4 3
Case #2: 2 0
Case #3: 7 6
Case #4: 184 181
Case #5: 109 104
Case #6: 2 1
Case #7: 118 116
Case #8: 100 97
Case #9: 298 291
Case #10: 25 22
Case #11: 298 292
Case #12: 271 266
Case #13: 298 290
Case #14: 238 231
Case #15: 298 295
Case #16: 298 198
Case #17: 298 295
Case #18: 298 292
Case #19: 298 197
Case #20: 298 292
Case #21: 298 294
Case #22: 223 217
Case #23: 298 294
Case #24: 4 2
Case #25: 181 179
Case #26: 298 296
Case #27: 298 296
Case #28: 238 234
Case #29: 298 297
Case #30: 298 294
Case #31: 298 198
Case #32: 208 205
Case #33: 211 208
Case #34: 25 22
Case #35: 226 222
Case #36: 298 291
Case #37: 199 194
Case #38: 127 124
Case #39: 214 209
Case #40: 100 96
Case #41: 298 294
Case #42: 97 91
Case #43: 298 296
Case #44: 298 198
Case #45: 178 172
Case #46: 88 85
Case #47: 193 188
Case #48: 2 1
Case #49: 223 220
Case #50: 298 198
Case #51: 298 293
Case #52: 298 197
Case #53: 295 294
Case #54: 250 244
Case #55: 298 290
Case #56: 298 295
Case #57: 298 199
Case #58: 127 123
Case #59: 298 295
Case #60: 283 280
Case #61: 37 32
Case #62: 298 296
Case #63: 112 108
Case #64: 2 1
Case #65: 298 296
Case #66: 160 157
Case #67: 163 158
Case #68: 298 197
Case #69: 229 224
Case #70: 88 83
Case #71: 298 296
Case #72: 235 232
Case #73: 298 296
Case #74: 226 221
Case #75: 244 239
Case #76: 298 296
Case #77: 298 296
Case #78: 106 102
Case #79: 298 291
Case #80: 175 170
Case #81: 214 211
Case #82: 40 38
Case #83: 298 296
Case #84: 289 285
Case #85: 199 195
Case #86: 298 295
Case #87: 82 78
Case #88: 166 162
Case #89: 298 295
Case #90: 298 296
Case #91: 148 144
Case #92: 298 295
Case #93: 265 259
Case #94: 298 290
Case #95: 298 294
Case #96: 133 129
Case #97: 298 297
Case #98: 73 67
Case #99: 106 102
Case #100: 298 292
